<?xml version="1.0" encoding="UTF-8"?>
<testng-results ignored="0" total="1" passed="1" failed="0" skipped="0">
  <reporter-output>
  </reporter-output>
  <suite started-at="2023-03-01T15:11:01 GMT" name="Default suite" finished-at="2023-03-01T15:11:06 GMT" duration-ms="5351">
    <groups>
    </groups>
    <test started-at="2023-03-01T15:11:01 GMT" name="Default test" finished-at="2023-03-01T15:11:06 GMT" duration-ms="5351">
      <class name="com.automation.test.OrderPageTest">
        <test-method is-config="true" signature="setUp()[pri:0, instance:com.automation.test.OrderPageTest@4d0f2471]" started-at="2023-03-01T15:11:01 GMT" name="setUp" finished-at="2023-03-01T15:11:04 GMT" duration-ms="2721" status="PASS">
          <reporter-output>
          </reporter-output>
        </test-method> <!-- setUp -->
        <test-method signature="CheckoutValidtion()[pri:0, instance:com.automation.test.OrderPageTest@4d0f2471]" started-at="2023-03-01T15:11:04 GMT" name="CheckoutValidtion" finished-at="2023-03-01T15:11:06 GMT" duration-ms="2111" status="PASS">
          <reporter-output>
          </reporter-output>
        </test-method> <!-- CheckoutValidtion -->
        <test-method is-config="true" signature="cleanUp()[pri:0, instance:com.automation.test.OrderPageTest@4d0f2471]" started-at="2023-03-01T15:11:06 GMT" name="cleanUp" finished-at="2023-03-01T15:11:06 GMT" duration-ms="463" status="PASS">
          <reporter-output>
          </reporter-output>
        </test-method> <!-- cleanUp -->
      </class> <!-- com.automation.test.OrderPageTest -->
    </test> <!-- Default test -->
  </suite> <!-- Default suite -->
</testng-results>
